# JRE version: Java(TM) SE Runtime Environment (11.0.1+13) (build 11.0.1+13-LTS)
# Java VM: Java HotSpot(TM) 64-Bit Server VM (11.0.1+13-LTS, mixed mode, tiered, compressed oops, g1 gc, windows-amd64)
Heap:
 garbage-first heap   total 315392K, used 62152K [0x0000000701a00000, 0x0000000800000000)
  region size 1024K, 32 young (32768K), 13 survivors (13312K)
 Metaspace       used 30286K, capacity 30965K, committed 31024K, reserved 1077248K
  class space    used 3190K, capacity 3407K, committed 3456K, reserved 1048576K
GC Heap History (10 events):
Event: 3.608 GC heap after
{Heap after GC invocations=5 (full 0):
 garbage-first heap   total 262144K, used 15290K [0x0000000701a00000, 0x0000000800000000)
  region size 1024K, 7 young (7168K), 7 survivors (7168K)
 Metaspace       used 20824K, capacity 21136K, committed 21296K, reserved 1069056K
  class space    used 2207K, capacity 2325K, committed 2432K, reserved 1048576K
}
Event: 4.401 GC heap before
{Heap before GC invocations=6 (full 0):
 garbage-first heap   total 262144K, used 63418K [0x0000000701a00000, 0x0000000800000000)
  region size 1024K, 54 young (55296K), 7 survivors (7168K)
 Metaspace       used 21395K, capacity 21752K, committed 22064K, reserved 1069056K
  class space    used 2249K, capacity 2359K, committed 2432K, reserved 1048576K
}
Event: 4.421 GC heap after
{Heap after GC invocations=7 (full 0):
 garbage-first heap   total 315392K, used 20349K [0x0000000701a00000, 0x0000000800000000)
  region size 1024K, 7 young (7168K), 7 survivors (7168K)
 Metaspace       used 21395K, capacity 21752K, committed 22064K, reserved 1069056K
  class space    used 2249K, capacity 2359K, committed 2432K, reserved 1048576K
}
Event: 5.602 GC heap before
{Heap before GC invocations=7 (full 0):
 garbage-first heap   total 315392K, used 102269K [0x0000000701a00000, 0x0000000800000000)
  region size 1024K, 87 young (89088K), 7 survivors (7168K)
 Metaspace       used 21873K, capacity 22220K, committed 22576K, reserved 1069056K
  class space    used 2255K, capacity 2365K, committed 2432K, reserved 1048576K
}
Event: 5.623 GC heap after
{Heap after GC invocations=8 (full 0):
 garbage-first heap   total 315392K, used 30445K [0x0000000701a00000, 0x0000000800000000)
  region size 1024K, 11 young (11264K), 11 survivors (11264K)
 Metaspace       used 21873K, capacity 22220K, committed 22576K, reserved 1069056K
  class space    used 2255K, capacity 2365K, committed 2432K, reserved 1048576K
}
Event: 7.561 GC heap before
{Heap before GC invocations=8 (full 0):
 garbage-first heap   total 315392K, used 128749K [0x0000000701a00000, 0x0000000800000000)
  region size 1024K, 107 young (109568K), 11 survivors (11264K)
 Metaspace       used 24125K, capacity 24646K, committed 24880K, reserved 1071104K
  class space    used 2455K, capacity 2640K, committed 2688K, reserved 1048576K
}
Event: 7.584 GC heap after
{Heap after GC invocations=9 (full 0):
 garbage-first heap   total 315392K, used 37888K [0x0000000701a00000, 0x0000000800000000)
  region size 1024K, 14 young (14336K), 14 survivors (14336K)
 Metaspace       used 24125K, capacity 24646K, committed 24880K, reserved 1071104K
  class space    used 2455K, capacity 2640K, committed 2688K, reserved 1048576K
}
Event: 28.750 GC heap before
{Heap before GC invocations=9 (full 0):
 garbage-first heap   total 315392K, used 187392K [0x0000000701a00000, 0x0000000800000000)
  region size 1024K, 136 young (139264K), 14 survivors (14336K)
 Metaspace       used 30075K, capacity 30645K, committed 30768K, reserved 1077248K
  class space    used 3180K, capacity 3407K, committed 3456K, reserved 1048576K
}
Event: 28.771 GC heap after
{Heap after GC invocations=10 (full 0):
 garbage-first heap   total 315392K, used 42696K [0x0000000701a00000, 0x0000000800000000)
  region size 1024K, 13 young (13312K), 13 survivors (13312K)
 Metaspace       used 30075K, capacity 30645K, committed 30768K, reserved 1077248K
  class space    used 3180K, capacity 3407K, committed 3456K, reserved 1048576K
}
Event: 29.368 GC heap before
{Heap before GC invocations=10 (full 0):
 garbage-first heap   total 315392K, used 61128K [0x0000000701a00000, 0x0000000800000000)
  region size 1024K, 32 young (32768K), 13 survivors (13312K)
 Metaspace       used 30286K, capacity 30965K, committed 31024K, reserved 1077248K
  class space    used 3190K, capacity 3407K, committed 3456K, reserved 1048576K
}

