# JRE version: Java(TM) SE Runtime Environment (11.0.1+13) (build 11.0.1+13-LTS)
# Java VM: Java HotSpot(TM) 64-Bit Server VM (11.0.1+13-LTS, mixed mode, tiered, compressed oops, g1 gc, windows-amd64)
Heap:
 garbage-first heap   total 315392K, used 138995K [0x0000000701a00000, 0x0000000800000000)
  region size 1024K, 84 young (86016K), 11 survivors (11264K)
 Metaspace       used 30322K, capacity 30934K, committed 31024K, reserved 1077248K
  class space    used 3186K, capacity 3375K, committed 3456K, reserved 1048576K
GC Heap History (10 events):
Event: 5.021 GC heap after
{Heap after GC invocations=5 (full 0):
 garbage-first heap   total 262144K, used 15070K [0x0000000701a00000, 0x0000000800000000)
  region size 1024K, 3 young (3072K), 3 survivors (3072K)
 Metaspace       used 20778K, capacity 21136K, committed 21296K, reserved 1069056K
  class space    used 2200K, capacity 2325K, committed 2432K, reserved 1048576K
}
Event: 5.846 GC heap before
{Heap before GC invocations=6 (full 0):
 garbage-first heap   total 262144K, used 64222K [0x0000000701a00000, 0x0000000800000000)
  region size 1024K, 52 young (53248K), 3 survivors (3072K)
 Metaspace       used 21511K, capacity 21816K, committed 22064K, reserved 1069056K
  class space    used 2245K, capacity 2359K, committed 2432K, reserved 1048576K
}
Event: 5.858 GC heap after
{Heap after GC invocations=7 (full 0):
 garbage-first heap   total 262144K, used 19981K [0x0000000701a00000, 0x0000000800000000)
  region size 1024K, 7 young (7168K), 7 survivors (7168K)
 Metaspace       used 21511K, capacity 21816K, committed 22064K, reserved 1069056K
  class space    used 2245K, capacity 2359K, committed 2432K, reserved 1048576K
}
Event: 6.693 GC heap before
{Heap before GC invocations=7 (full 0):
 garbage-first heap   total 262144K, used 84493K [0x0000000701a00000, 0x0000000800000000)
  region size 1024K, 70 young (71680K), 7 survivors (7168K)
 Metaspace       used 21801K, capacity 22217K, committed 22576K, reserved 1069056K
  class space    used 2249K, capacity 2364K, committed 2432K, reserved 1048576K
}
Event: 6.716 GC heap after
{Heap after GC invocations=8 (full 0):
 garbage-first heap   total 315392K, used 28783K [0x0000000701a00000, 0x0000000800000000)
  region size 1024K, 9 young (9216K), 9 survivors (9216K)
 Metaspace       used 21801K, capacity 22217K, committed 22576K, reserved 1069056K
  class space    used 2249K, capacity 2364K, committed 2432K, reserved 1048576K
}
Event: 8.218 GC heap before
{Heap before GC invocations=8 (full 0):
 garbage-first heap   total 315392K, used 105583K [0x0000000701a00000, 0x0000000800000000)
  region size 1024K, 84 young (86016K), 9 survivors (9216K)
 Metaspace       used 22776K, capacity 23268K, committed 23472K, reserved 1071104K
  class space    used 2345K, capacity 2501K, committed 2560K, reserved 1048576K
}
Event: 8.238 GC heap after
{Heap after GC invocations=9 (full 0):
 garbage-first heap   total 315392K, used 35938K [0x0000000701a00000, 0x0000000800000000)
  region size 1024K, 7 young (7168K), 7 survivors (7168K)
 Metaspace       used 22776K, capacity 23268K, committed 23472K, reserved 1071104K
  class space    used 2345K, capacity 2501K, committed 2560K, reserved 1048576K
}
Event: 30.036 GC heap before
{Heap before GC invocations=9 (full 0):
 garbage-first heap   total 315392K, used 145506K [0x0000000701a00000, 0x0000000800000000)
  region size 1024K, 114 young (116736K), 7 survivors (7168K)
 Metaspace       used 27877K, capacity 28427K, committed 28592K, reserved 1075200K
  class space    used 2851K, capacity 3028K, committed 3072K, reserved 1048576K
}
Event: 30.052 GC heap after
{Heap after GC invocations=10 (full 0):
 garbage-first heap   total 315392K, used 40177K [0x0000000701a00000, 0x0000000800000000)
  region size 1024K, 11 young (11264K), 11 survivors (11264K)
 Metaspace       used 27877K, capacity 28427K, committed 28592K, reserved 1075200K
  class space    used 2851K, capacity 3028K, committed 3072K, reserved 1048576K
}
Event: 31.593 GC heap before
{Heap before GC invocations=10 (full 0):
 garbage-first heap   total 315392K, used 138481K [0x0000000701a00000, 0x0000000800000000)
  region size 1024K, 84 young (86016K), 11 survivors (11264K)
 Metaspace       used 30322K, capacity 30934K, committed 31024K, reserved 1077248K
  class space    used 3186K, capacity 3375K, committed 3456K, reserved 1048576K
}

