# JRE version: Java(TM) SE Runtime Environment (11.0.1+13) (build 11.0.1+13-LTS)
# Java VM: Java HotSpot(TM) 64-Bit Server VM (11.0.1+13-LTS, mixed mode, tiered, compressed oops, g1 gc, windows-amd64)
Heap:
 garbage-first heap   total 347136K, used 172217K [0x0000000701a00000, 0x0000000800000000)
  region size 1024K, 128 young (131072K), 16 survivors (16384K)
 Metaspace       used 36286K, capacity 37118K, committed 37404K, reserved 1083392K
  class space    used 3827K, capacity 4136K, committed 4224K, reserved 1048576K
GC Heap History (10 events):
Event: 4.624 GC heap after
{Heap after GC invocations=5 (full 0):
 garbage-first heap   total 262144K, used 19456K [0x0000000701a00000, 0x0000000800000000)
  region size 1024K, 6 young (6144K), 6 survivors (6144K)
 Metaspace       used 21531K, capacity 21892K, committed 22064K, reserved 1069056K
  class space    used 2248K, capacity 2363K, committed 2432K, reserved 1048576K
}
Event: 5.244 GC heap before
{Heap before GC invocations=5 (full 0):
 garbage-first heap   total 262144K, used 71680K [0x0000000701a00000, 0x0000000800000000)
  region size 1024K, 57 young (58368K), 6 survivors (6144K)
 Metaspace       used 21793K, capacity 22152K, committed 22320K, reserved 1069056K
  class space    used 2250K, capacity 2364K, committed 2432K, reserved 1048576K
}
Event: 5.260 GC heap after
{Heap after GC invocations=6 (full 0):
 garbage-first heap   total 262144K, used 26117K [0x0000000701a00000, 0x0000000800000000)
  region size 1024K, 7 young (7168K), 7 survivors (7168K)
 Metaspace       used 21793K, capacity 22152K, committed 22320K, reserved 1069056K
  class space    used 2250K, capacity 2364K, committed 2432K, reserved 1048576K
}
Event: 6.438 GC heap before
{Heap before GC invocations=6 (full 0):
 garbage-first heap   total 262144K, used 93701K [0x0000000701a00000, 0x0000000800000000)
  region size 1024K, 73 young (74752K), 7 survivors (7168K)
 Metaspace       used 22148K, capacity 22476K, committed 22832K, reserved 1069056K
  class space    used 2262K, capacity 2365K, committed 2432K, reserved 1048576K
}
Event: 6.456 GC heap after
{Heap after GC invocations=7 (full 0):
 garbage-first heap   total 347136K, used 33445K [0x0000000701a00000, 0x0000000800000000)
  region size 1024K, 7 young (7168K), 7 survivors (7168K)
 Metaspace       used 22148K, capacity 22476K, committed 22832K, reserved 1069056K
  class space    used 2262K, capacity 2365K, committed 2432K, reserved 1048576K
}
Event: 9.068 GC heap before
{Heap before GC invocations=7 (full 0):
 garbage-first heap   total 347136K, used 116389K [0x0000000701a00000, 0x0000000800000000)
  region size 1024K, 89 young (91136K), 7 survivors (7168K)
 Metaspace       used 31299K, capacity 31822K, committed 31920K, reserved 1077248K
  class space    used 3305K, capacity 3508K, committed 3584K, reserved 1048576K
}
Event: 9.093 GC heap after
{Heap after GC invocations=8 (full 0):
 garbage-first heap   total 347136K, used 47104K [0x0000000701a00000, 0x0000000800000000)
  region size 1024K, 12 young (12288K), 12 survivors (12288K)
 Metaspace       used 31299K, capacity 31822K, committed 31920K, reserved 1077248K
  class space    used 3305K, capacity 3508K, committed 3584K, reserved 1048576K
}
Event: 11.198 GC heap before
{Heap before GC invocations=8 (full 0):
 garbage-first heap   total 347136K, used 131072K [0x0000000701a00000, 0x0000000800000000)
  region size 1024K, 96 young (98304K), 12 survivors (12288K)
 Metaspace       used 35212K, capacity 35870K, committed 35888K, reserved 1081344K
  class space    used 3718K, capacity 3956K, committed 3968K, reserved 1048576K
}
Event: 11.228 GC heap after
{Heap after GC invocations=9 (full 0):
 garbage-first heap   total 347136K, used 57529K [0x0000000701a00000, 0x0000000800000000)
  region size 1024K, 11 young (11264K), 11 survivors (11264K)
 Metaspace       used 35212K, capacity 35870K, committed 35888K, reserved 1081344K
  class space    used 3718K, capacity 3956K, committed 3968K, reserved 1048576K
}
Event: 12.931 GC heap before
{Heap before GC invocations=10 (full 0):
 garbage-first heap   total 347136K, used 171193K [0x0000000701a00000, 0x0000000800000000)
  region size 1024K, 123 young (125952K), 11 survivors (11264K)
 Metaspace       used 36286K, capacity 37118K, committed 37404K, reserved 1083392K
  class space    used 3827K, capacity 4136K, committed 4224K, reserved 1048576K
}

