# JRE version: Java(TM) SE Runtime Environment (11.0.1+13) (build 11.0.1+13-LTS)
# Java VM: Java HotSpot(TM) 64-Bit Server VM (11.0.1+13-LTS, mixed mode, tiered, compressed oops, g1 gc, windows-amd64)
Heap:
 garbage-first heap   total 315392K, used 149332K [0x0000000701a00000, 0x0000000800000000)
  region size 1024K, 138 young (141312K), 15 survivors (15360K)
 Metaspace       used 57470K, capacity 59363K, committed 59472K, reserved 1101824K
  class space    used 7444K, capacity 8187K, committed 8192K, reserved 1048576K
GC Heap History (10 events):
Event: 2.182 GC heap before
{Heap before GC invocations=3 (full 0):
 garbage-first heap   total 262144K, used 30769K [0x0000000701a00000, 0x0000000800000000)
  region size 1024K, 24 young (24576K), 3 survivors (3072K)
 Metaspace       used 20625K, capacity 21220K, committed 21296K, reserved 1069056K
  class space    used 2423K, capacity 2669K, committed 2688K, reserved 1048576K
}
Event: 2.188 GC heap after
{Heap after GC invocations=4 (full 0):
 garbage-first heap   total 262144K, used 11455K [0x0000000701a00000, 0x0000000800000000)
  region size 1024K, 4 young (4096K), 4 survivors (4096K)
 Metaspace       used 20625K, capacity 21220K, committed 21296K, reserved 1069056K
  class space    used 2423K, capacity 2669K, committed 2688K, reserved 1048576K
}
Event: 3.161 GC heap before
{Heap before GC invocations=5 (full 0):
 garbage-first heap   total 262144K, used 54463K [0x0000000701a00000, 0x0000000800000000)
  region size 1024K, 46 young (47104K), 4 survivors (4096K)
 Metaspace       used 26864K, capacity 27693K, committed 27824K, reserved 1073152K
  class space    used 3262K, capacity 3577K, committed 3584K, reserved 1048576K
}
Event: 3.167 GC heap after
{Heap after GC invocations=6 (full 0):
 garbage-first heap   total 262144K, used 12762K [0x0000000701a00000, 0x0000000800000000)
  region size 1024K, 4 young (4096K), 4 survivors (4096K)
 Metaspace       used 26864K, capacity 27693K, committed 27824K, reserved 1073152K
  class space    used 3262K, capacity 3577K, committed 3584K, reserved 1048576K
}
Event: 4.045 GC heap before
{Heap before GC invocations=6 (full 0):
 garbage-first heap   total 262144K, used 83418K [0x0000000701a00000, 0x0000000800000000)
  region size 1024K, 74 young (75776K), 4 survivors (4096K)
 Metaspace       used 31358K, capacity 32320K, committed 32432K, reserved 1077248K
  class space    used 3870K, capacity 4262K, committed 4352K, reserved 1048576K
}
Event: 4.051 GC heap after
{Heap after GC invocations=7 (full 0):
 garbage-first heap   total 262144K, used 15357K [0x0000000701a00000, 0x0000000800000000)
  region size 1024K, 7 young (7168K), 7 survivors (7168K)
 Metaspace       used 31358K, capacity 32320K, committed 32432K, reserved 1077248K
  class space    used 3870K, capacity 4262K, committed 4352K, reserved 1048576K
}
Event: 4.556 GC heap before
{Heap before GC invocations=7 (full 0):
 garbage-first heap   total 262144K, used 73725K [0x0000000701a00000, 0x0000000800000000)
  region size 1024K, 65 young (66560K), 7 survivors (7168K)
 Metaspace       used 34879K, capacity 35883K, committed 35920K, reserved 1081344K
  class space    used 4422K, capacity 4862K, committed 4864K, reserved 1048576K
}
Event: 4.569 GC heap after
{Heap after GC invocations=8 (full 0):
 garbage-first heap   total 262144K, used 18046K [0x0000000701a00000, 0x0000000800000000)
  region size 1024K, 9 young (9216K), 9 survivors (9216K)
 Metaspace       used 34879K, capacity 35883K, committed 35920K, reserved 1081344K
  class space    used 4422K, capacity 4862K, committed 4864K, reserved 1048576K
}
Event: 6.151 GC heap before
{Heap before GC invocations=9 (full 0):
 garbage-first heap   total 262144K, used 156286K [0x0000000701a00000, 0x0000000800000000)
  region size 1024K, 144 young (147456K), 9 survivors (9216K)
 Metaspace       used 47650K, capacity 49114K, committed 49360K, reserved 1091584K
  class space    used 6093K, capacity 6681K, committed 6784K, reserved 1048576K
}
Event: 6.167 GC heap after
{Heap after GC invocations=10 (full 0):
 garbage-first heap   total 315392K, used 24404K [0x0000000701a00000, 0x0000000800000000)
  region size 1024K, 15 young (15360K), 15 survivors (15360K)
 Metaspace       used 47650K, capacity 49114K, committed 49360K, reserved 1091584K
  class space    used 6093K, capacity 6681K, committed 6784K, reserved 1048576K
}

