# JRE version: Java(TM) SE Runtime Environment (11.0.1+13) (build 11.0.1+13-LTS)
# Java VM: Java HotSpot(TM) 64-Bit Server VM (11.0.1+13-LTS, mixed mode, tiered, compressed oops, g1 gc, windows-amd64)
Heap:
 garbage-first heap   total 262144K, used 26437K [0x0000000701a00000, 0x0000000800000000)
  region size 1024K, 17 young (17408K), 3 survivors (3072K)
 Metaspace       used 20784K, capacity 21136K, committed 21296K, reserved 1069056K
  class space    used 2205K, capacity 2325K, committed 2432K, reserved 1048576K
GC Heap History (9 events):
Event: 1.569 GC heap before
{Heap before GC invocations=0 (full 0):
 garbage-first heap   total 262144K, used 13312K [0x0000000701a00000, 0x0000000800000000)
  region size 1024K, 14 young (14336K), 0 survivors (0K)
 Metaspace       used 11317K, capacity 11601K, committed 11776K, reserved 1060864K
  class space    used 1095K, capacity 1166K, committed 1280K, reserved 1048576K
}
Event: 1.577 GC heap after
{Heap after GC invocations=1 (full 0):
 garbage-first heap   total 262144K, used 3587K [0x0000000701a00000, 0x0000000800000000)
  region size 1024K, 2 young (2048K), 2 survivors (2048K)
 Metaspace       used 11317K, capacity 11601K, committed 11776K, reserved 1060864K
  class space    used 1095K, capacity 1166K, committed 1280K, reserved 1048576K
}
Event: 1.804 GC heap before
{Heap before GC invocations=1 (full 0):
 garbage-first heap   total 262144K, used 13827K [0x0000000701a00000, 0x0000000800000000)
  region size 1024K, 12 young (12288K), 2 survivors (2048K)
 Metaspace       used 12945K, capacity 13242K, committed 13440K, reserved 1060864K
  class space    used 1316K, capacity 1393K, committed 1408K, reserved 1048576K
}
Event: 1.807 GC heap after
{Heap after GC invocations=2 (full 0):
 garbage-first heap   total 262144K, used 3939K [0x0000000701a00000, 0x0000000800000000)
  region size 1024K, 1 young (1024K), 1 survivors (1024K)
 Metaspace       used 12945K, capacity 13242K, committed 13440K, reserved 1060864K
  class space    used 1316K, capacity 1393K, committed 1408K, reserved 1048576K
}
Event: 2.734 GC heap before
{Heap before GC invocations=2 (full 0):
 garbage-first heap   total 262144K, used 32611K [0x0000000701a00000, 0x0000000800000000)
  region size 1024K, 29 young (29696K), 1 survivors (1024K)
 Metaspace       used 17251K, capacity 17579K, committed 17664K, reserved 1064960K
  class space    used 1874K, capacity 1982K, committed 2048K, reserved 1048576K
}
Event: 2.737 GC heap after
{Heap after GC invocations=3 (full 0):
 garbage-first heap   total 262144K, used 5303K [0x0000000701a00000, 0x0000000800000000)
  region size 1024K, 2 young (2048K), 2 survivors (2048K)
 Metaspace       used 17251K, capacity 17579K, committed 17664K, reserved 1064960K
  class space    used 1874K, capacity 1982K, committed 2048K, reserved 1048576K
}
Event: 4.167 GC heap before
{Heap before GC invocations=3 (full 0):
 garbage-first heap   total 262144K, used 55479K [0x0000000701a00000, 0x0000000800000000)
  region size 1024K, 51 young (52224K), 2 survivors (2048K)
 Metaspace       used 20586K, capacity 20941K, committed 21120K, reserved 1069056K
  class space    used 2201K, capacity 2324K, committed 2432K, reserved 1048576K
}
Event: 4.177 GC heap after
{Heap after GC invocations=4 (full 0):
 garbage-first heap   total 262144K, used 12611K [0x0000000701a00000, 0x0000000800000000)
  region size 1024K, 7 young (7168K), 7 survivors (7168K)
 Metaspace       used 20586K, capacity 20941K, committed 21120K, reserved 1069056K
  class space    used 2201K, capacity 2324K, committed 2432K, reserved 1048576K
}
Event: 4.399 GC heap before
{Heap before GC invocations=4 (full 0):
 garbage-first heap   total 262144K, used 25923K [0x0000000701a00000, 0x0000000800000000)
  region size 1024K, 21 young (21504K), 7 survivors (7168K)
 Metaspace       used 20784K, capacity 21136K, committed 21296K, reserved 1069056K
  class space    used 2205K, capacity 2325K, committed 2432K, reserved 1048576K
}

