# JRE version: Java(TM) SE Runtime Environment (11.0.1+13) (build 11.0.1+13-LTS)
# Java VM: Java HotSpot(TM) 64-Bit Server VM (11.0.1+13-LTS, mixed mode, tiered, compressed oops, g1 gc, windows-amd64)
Heap:
 garbage-first heap   total 315392K, used 34319K [0x0000000701a00000, 0x0000000800000000)
  region size 1024K, 22 young (22528K), 19 survivors (19456K)
 Metaspace       used 58705K, capacity 60564K, committed 60884K, reserved 1101824K
  class space    used 7580K, capacity 8353K, committed 8396K, reserved 1048576K
GC Heap History (10 events):
Event: 3.045 GC heap before
{Heap before GC invocations=3 (full 0):
 garbage-first heap   total 262144K, used 27278K [0x0000000701a00000, 0x0000000800000000)
  region size 1024K, 21 young (21504K), 3 survivors (3072K)
 Metaspace       used 20616K, capacity 21127K, committed 21296K, reserved 1069056K
  class space    used 2379K, capacity 2582K, committed 2688K, reserved 1048576K
}
Event: 3.053 GC heap after
{Heap after GC invocations=4 (full 0):
 garbage-first heap   total 262144K, used 10700K [0x0000000701a00000, 0x0000000800000000)
  region size 1024K, 4 young (4096K), 4 survivors (4096K)
 Metaspace       used 20616K, capacity 21127K, committed 21296K, reserved 1069056K
  class space    used 2379K, capacity 2582K, committed 2688K, reserved 1048576K
}
Event: 5.254 GC heap before
{Heap before GC invocations=5 (full 0):
 garbage-first heap   total 262144K, used 78284K [0x0000000701a00000, 0x0000000800000000)
  region size 1024K, 71 young (72704K), 4 survivors (4096K)
 Metaspace       used 29338K, capacity 30234K, committed 30384K, reserved 1075200K
  class space    used 3628K, capacity 3999K, committed 4096K, reserved 1048576K
}
Event: 5.261 GC heap after
{Heap after GC invocations=6 (full 0):
 garbage-first heap   total 262144K, used 13566K [0x0000000701a00000, 0x0000000800000000)
  region size 1024K, 6 young (6144K), 6 survivors (6144K)
 Metaspace       used 29338K, capacity 30234K, committed 30384K, reserved 1075200K
  class space    used 3628K, capacity 3999K, committed 4096K, reserved 1048576K
}
Event: 6.630 GC heap before
{Heap before GC invocations=6 (full 0):
 garbage-first heap   total 262144K, used 119038K [0x0000000701a00000, 0x0000000800000000)
  region size 1024K, 110 young (112640K), 6 survivors (6144K)
 Metaspace       used 34890K, capacity 35850K, committed 35920K, reserved 1081344K
  class space    used 4420K, capacity 4830K, committed 4864K, reserved 1048576K
}
Event: 6.651 GC heap after
{Heap after GC invocations=7 (full 0):
 garbage-first heap   total 262144K, used 17662K [0x0000000701a00000, 0x0000000800000000)
  region size 1024K, 10 young (10240K), 10 survivors (10240K)
 Metaspace       used 34890K, capacity 35850K, committed 35920K, reserved 1081344K
  class space    used 4420K, capacity 4830K, committed 4864K, reserved 1048576K
}
Event: 8.313 GC heap before
{Heap before GC invocations=8 (full 0):
 garbage-first heap   total 262144K, used 149758K [0x0000000701a00000, 0x0000000800000000)
  region size 1024K, 139 young (142336K), 10 survivors (10240K)
 Metaspace       used 45212K, capacity 46684K, committed 47056K, reserved 1089536K
  class space    used 5791K, capacity 6404K, committed 6528K, reserved 1048576K
}
Event: 8.330 GC heap after
{Heap after GC invocations=9 (full 0):
 garbage-first heap   total 262144K, used 23984K [0x0000000701a00000, 0x0000000800000000)
  region size 1024K, 15 young (15360K), 15 survivors (15360K)
 Metaspace       used 45212K, capacity 46684K, committed 47056K, reserved 1089536K
  class space    used 5791K, capacity 6404K, committed 6528K, reserved 1048576K
}
Event: 10.007 GC heap before
{Heap before GC invocations=9 (full 0):
 garbage-first heap   total 262144K, used 157104K [0x0000000701a00000, 0x0000000800000000)
  region size 1024K, 146 young (149504K), 15 survivors (15360K)
 Metaspace       used 58336K, capacity 60171K, committed 60296K, reserved 1101824K
  class space    used 7535K, capacity 8286K, committed 8320K, reserved 1048576K
}
Event: 10.046 GC heap after
{Heap after GC invocations=10 (full 0):
 garbage-first heap   total 315392K, used 32271K [0x0000000701a00000, 0x0000000800000000)
  region size 1024K, 19 young (19456K), 19 survivors (19456K)
 Metaspace       used 58336K, capacity 60171K, committed 60296K, reserved 1101824K
  class space    used 7535K, capacity 8286K, committed 8320K, reserved 1048576K
}

